32
current model layer 40
Similarities: [0.6770802736282349, 0.6634206771850586, 0.5116574764251709, 0.6702889204025269, 0.5936692357063293] Mean similarity: 0.6232233166694641
30
current model layer 33
Similarities: [0.6009888052940369, 0.600375771522522, 0.44688475131988525, 0.5870178937911987, 0.5374422073364258] Mean similarity: 0.5545418858528137
29
current model layer 33
Similarities: [0.5833671689033508, 0.5834397673606873, 0.4359442889690399, 0.5759264230728149, 0.5117913484573364] Mean similarity: 0.5380937993526459
28
current model layer 33
Similarities: [0.5746211409568787, 0.5671525001525879, 0.40900126099586487, 0.570515513420105, 0.4857923984527588] Mean similarity: 0.5214165627956391
27
current model layer 33
Similarities: [0.5115260481834412, 0.5248285531997681, 0.3739413022994995, 0.5264954566955566, 0.45306986570358276] Mean similarity: 0.4779722452163696
26
current model layer 33
Similarities: [0.5029116868972778, 0.500447690486908, 0.35437506437301636, 0.5175588130950928, 0.43761658668518066] Mean similarity: 0.4625819683074951
25
current model layer 33
Similarities: [0.4738987684249878, 0.4684065580368042, 0.3303601145744324, 0.47791141271591187, 0.4302827715873718] Mean similarity: 0.4361719250679016
24
current model layer 33
Similarities: [0.4374876022338867, 0.4384477734565735, 0.3034311532974243, 0.46543997526168823, 0.41559898853302] Mean similarity: 0.41208109855651853
23
current model layer 33
Similarities: [0.5602746605873108, 0.488094687461853, 0.3374183177947998, 0.5286538004875183, 0.4600791931152344] Mean similarity: 0.4749041318893433
22
current model layer 33
Similarities: [0.5332331657409668, 0.49741101264953613, 0.3496869206428528, 0.5221896171569824, 0.46633750200271606] Mean similarity: 0.47377164363861085
21
current model layer 33
Similarities: [0.5645586252212524, 0.4947523772716522, 0.34867751598358154, 0.5363843441009521, 0.4512484073638916] Mean similarity: 0.47912425398826597
20
current model layer 33
Similarities: [0.5587872266769409, 0.48810791969299316, 0.34547507762908936, 0.5253492593765259, 0.43371903896331787] Mean similarity: 0.47028770446777346
19
current model layer 33
Similarities: [0.5026285648345947, 0.4799826741218567, 0.3043917715549469, 0.4810364246368408, 0.4442923069000244] Mean similarity: 0.4424663484096527
18
current model layer 33
Similarities: [0.49036455154418945, 0.5148067474365234, 0.31439152359962463, 0.4771021604537964, 0.4282911419868469] Mean similarity: 0.4449912250041962
17
current model layer 33
Similarities: [0.534658670425415, 0.5223162770271301, 0.3271462619304657, 0.4886610507965088, 0.4224475622177124] Mean similarity: 0.4590459644794464
16
current model layer 33
Similarities: [0.5255639553070068, 0.5058903098106384, 0.3800451159477234, 0.5093849301338196, 0.43713629245758057] Mean similarity: 0.47160412073135377
15
current model layer 33
Similarities: [0.48146331310272217, 0.5324441194534302, 0.39295268058776855, 0.5254847407341003, 0.4517364501953125] Mean similarity: 0.47681626081466677
14
current model layer 33
Similarities: [0.47635558247566223, 0.516575038433075, 0.37278056144714355, 0.5369647145271301, 0.48914477229118347] Mean similarity: 0.4783641338348389
13
current model layer 33
Similarities: [0.45884037017822266, 0.5335939526557922, 0.3836691975593567, 0.5537666082382202, 0.49127310514450073] Mean similarity: 0.4842286467552185
12
current model layer 33
Similarities: [0.5426489114761353, 0.5668169856071472, 0.42212873697280884, 0.5916116237640381, 0.5055224299430847] Mean similarity: 0.5257457375526429
11
current model layer 33
Similarities: [0.5448611974716187, 0.5698441863059998, 0.43520843982696533, 0.6141043901443481, 0.503230094909668] Mean similarity: 0.5334496617317199
10
current model layer 33
Similarities: [0.5464620590209961, 0.5797749757766724, 0.4406121075153351, 0.6077785491943359, 0.5131469964981079] Mean similarity: 0.5375549376010895
9
current model layer 33
Similarities: [0.5926892757415771, 0.5949859023094177, 0.45765095949172974, 0.6076599359512329, 0.5225000381469727] Mean similarity: 0.555097222328186
8
current model layer 33
Similarities: [0.6216962933540344, 0.6186172962188721, 0.445065975189209, 0.6217472553253174, 0.5321277379989624] Mean similarity: 0.5678509116172791
6
current model layer 26
Similarities: [0.40525346994400024, 0.3514205813407898, 0.3696199059486389, 0.4260924160480499, 0.3084777593612671] Mean similarity: 0.3721728265285492
5
current model layer 26
Similarities: [0.338983952999115, 0.3734700679779053, 0.4298689365386963, 0.3774275779724121, 0.2618360221385956] Mean similarity: 0.35631731152534485
4
current model layer 26
Similarities: [0.36938437819480896, 0.31469982862472534, 0.3758504092693329, 0.3279826045036316, 0.2551540732383728] Mean similarity: 0.32861425876617434
3
current model layer 26
Similarities: [0.07067346572875977, 0.06177784129977226, 0.07050658017396927, 0.04024471342563629, 0.03163529187440872] Mean similarity: 0.05496757850050926
2
current model layer 26
Similarities: [0.020075641572475433, 0.01714310236275196, 0.016284383833408356, 0.017578398808836937, 0.02610025182366371] Mean similarity: 0.01943635568022728
1
current model layer 26
Similarities: [0.057604916393756866, 0.059317734092473984, 0.0962618887424469, 0.050736017525196075, 0.06220072880387306] Mean similarity: 0.06522425711154937
原始模型参数量: 13,015,864,320
压缩后模型参数量: 8,575,001,600
压缩比例: 0.6588 (65.88%)
参数量减少: 34.12%
[2025-05-08 13:03:53,958] [INFO] [real_accelerator.py:219:get_accelerator] Setting ds_accelerator to cuda (auto detect)
